Using pre-set license
Built from '2022.3/release' branch; Version is '2022.3.18f1 (d29bea25151d) revision 13802474'; Using compiler version '192829333'; Build Type 'Release'
OS: 'Windows 11  (10.0.22631) 64bit CoreCountrySpecific' Language: 'zh' Physical Memory: 16108 MB
BatchMode: 1, IsHumanControllingUs: 0, StartBugReporterOnCrash: 0, Is64bit: 1, IsPro: 1

COMMAND LINE ARGUMENTS:
D:\Unity\2022.3.18f1\Editor\Unity.exe
-adb2
-batchMode
-noUpm
-name
AssetImportWorker0
-projectPath
D:/UCL cources/Term2/Virtual environment/VR project/Ubiq
-logFile
Logs/AssetImportWorker0.log
-srvPort
56545
Successfully changed project path to: D:/UCL cources/Term2/Virtual environment/VR project/Ubiq
D:/UCL cources/Term2/Virtual environment/VR project/Ubiq
[UnityMemory] Configuration Parameters - Can be set up in boot.config
    "memorysetup-bucket-allocator-granularity=16"
    "memorysetup-bucket-allocator-bucket-count=8"
    "memorysetup-bucket-allocator-block-size=33554432"
    "memorysetup-bucket-allocator-block-count=8"
    "memorysetup-main-allocator-block-size=16777216"
    "memorysetup-thread-allocator-block-size=16777216"
    "memorysetup-gfx-main-allocator-block-size=16777216"
    "memorysetup-gfx-thread-allocator-block-size=16777216"
    "memorysetup-cache-allocator-block-size=4194304"
    "memorysetup-typetree-allocator-block-size=2097152"
    "memorysetup-profiler-bucket-allocator-granularity=16"
    "memorysetup-profiler-bucket-allocator-bucket-count=8"
    "memorysetup-profiler-bucket-allocator-block-size=33554432"
    "memorysetup-profiler-bucket-allocator-block-count=8"
    "memorysetup-profiler-allocator-block-size=16777216"
    "memorysetup-profiler-editor-allocator-block-size=1048576"
    "memorysetup-temp-allocator-size-main=16777216"
    "memorysetup-job-temp-allocator-block-size=2097152"
    "memorysetup-job-temp-allocator-block-size-background=1048576"
    "memorysetup-job-temp-allocator-reduction-small-platforms=262144"
    "memorysetup-allocator-temp-initial-block-size-main=262144"
    "memorysetup-allocator-temp-initial-block-size-worker=262144"
    "memorysetup-temp-allocator-size-background-worker=32768"
    "memorysetup-temp-allocator-size-job-worker=262144"
    "memorysetup-temp-allocator-size-preload-manager=33554432"
    "memorysetup-temp-allocator-size-nav-mesh-worker=65536"
    "memorysetup-temp-allocator-size-audio-worker=65536"
    "memorysetup-temp-allocator-size-cloud-worker=32768"
    "memorysetup-temp-allocator-size-gi-baking-worker=262144"
    "memorysetup-temp-allocator-size-gfx=262144"
Player connection [69108] Host "[IP] 172.16.5.252 [Port] 0 [Flags] 2 [Guid] 101422207 [EditorId] 101422207 [Version] 1048832 [Id] WindowsEditor(7,Cool) [Debug] 1 [PackageName] WindowsEditor [ProjectName] Editor" joined multi-casting on [225.0.0.222:54997]...

Player connection [69108] Host "[IP] 172.16.5.252 [Port] 0 [Flags] 2 [Guid] 101422207 [EditorId] 101422207 [Version] 1048832 [Id] WindowsEditor(7,Cool) [Debug] 1 [PackageName] WindowsEditor [ProjectName] Editor" joined alternative multi-casting on [225.0.0.222:34997]...

[Physics::Module] Initialized MultithreadedJobDispatcher with 15 workers.
Refreshing native plugins compatible for Editor in 47.14 ms, found 12 plugins.
Preloading 3 native plugins for Editor in 24.21 ms.
Initialize engine version: 2022.3.18f1 (d29bea25151d)
[Subsystems] Discovering subsystems at path D:/Unity/2022.3.18f1/Editor/Data/Resources/UnitySubsystems
[Subsystems] Discovering subsystems at path D:/UCL cources/Term2/Virtual environment/VR project/Ubiq/Assets
GfxDevice: creating device client; threaded=0; jobified=0
Direct3D:
    Version:  Direct3D 11.0 [level 11.1]
    Renderer: NVIDIA GeForce RTX 4060 Laptop GPU (ID=0x28e0)
    Vendor:   NVIDIA
    VRAM:     7972 MB
    Driver:   31.0.15.4633
Shader 'Oculus/OVRMRCameraFrameLit': fallback shader 'Alpha-Diffuse' not found
Initialize mono
Mono path[0] = 'D:/Unity/2022.3.18f1/Editor/Data/Managed'
Mono path[1] = 'D:/Unity/2022.3.18f1/Editor/Data/MonoBleedingEdge/lib/mono/unityjit-win32'
Mono config path = 'D:/Unity/2022.3.18f1/Editor/Data/MonoBleedingEdge/etc'
Using monoOptions --debugger-agent=transport=dt_socket,embedding=1,server=y,suspend=n,address=127.0.0.1:56896
Begin MonoManager ReloadAssembly
Registering precompiled unity dll's ...
Register platform support module: D:/Unity/2022.3.18f1/Editor/Data/PlaybackEngines/WebGLSupport/UnityEditor.WebGL.Extensions.dll
Register platform support module: D:/Unity/2022.3.18f1/Editor/Data/PlaybackEngines/AndroidPlayer/UnityEditor.Android.Extensions.dll
Register platform support module: D:/Unity/2022.3.18f1/Editor/Data/PlaybackEngines/WindowsStandaloneSupport/UnityEditor.WindowsStandalone.Extensions.dll
Registered in 0.005063 seconds.
- Loaded All Assemblies, in  0.356 seconds
Native extension for WindowsStandalone target not found
Native extension for Android target not found
Android Extension - Scanning For ADB Devices 293 ms
Native extension for WebGL target not found
Mono: successfully reloaded assembly
- Finished resetting the current domain, in  0.542 seconds
Domain Reload Profiling: 898ms
	BeginReloadAssembly (163ms)
		ExecutionOrderSort (0ms)
		DisableScriptedObjects (0ms)
		BackupInstance (0ms)
		ReleaseScriptingObjects (0ms)
		CreateAndSetChildDomain (1ms)
	RebuildCommonClasses (28ms)
	RebuildNativeTypeToScriptingClass (8ms)
	initialDomainReloadingComplete (41ms)
	LoadAllAssembliesAndSetupDomain (116ms)
		LoadAssemblies (161ms)
		RebuildTransferFunctionScriptingTraits (0ms)
		AnalyzeDomain (113ms)
			TypeCache.Refresh (112ms)
				TypeCache.ScanAssembly (95ms)
			ScanForSourceGeneratedMonoScriptInfo (0ms)
			ResolveRequiredComponents (0ms)
	FinalizeReload (543ms)
		ReleaseScriptCaches (0ms)
		RebuildScriptCaches (0ms)
		SetupLoadedEditorAssemblies (506ms)
			LogAssemblyErrors (0ms)
			InitializePlatformSupportModulesInManaged (394ms)
			SetLoadedEditorAssemblies (3ms)
			RefreshPlugins (0ms)
			BeforeProcessingInitializeOnLoad (2ms)
			ProcessInitializeOnLoadAttributes (72ms)
			ProcessInitializeOnLoadMethodAttributes (35ms)
			AfterProcessingInitializeOnLoad (0ms)
			EditorAssembliesLoaded (0ms)
		ExecutionOrderSort2 (0ms)
		AwakeInstancesAfterBackupRestoration (0ms)
========================================================================
Worker process is ready to serve import requests
Begin MonoManager ReloadAssembly
Symbol file LoadedFromMemory is not a mono symbol file
- Loaded All Assemblies, in  1.690 seconds
Refreshing native plugins compatible for Editor in 50.58 ms, found 12 plugins.
Native extension for WindowsStandalone target not found
Native extension for Android target not found
Native extension for WebGL target not found
Package Manager log level set to [2]
[Package Manager] Server::EnsureServerProcessIsRunning -- launch failed, reason: Unity was launched with the -noUpm command-line argument
[Package Manager] UpmClient::Send -- Unable to send message (not connected to UPM process).
[Package Manager] Cannot connect to Unity Package Manager local server
[Package Manager] Server::EnsureServerProcessIsRunning -- launch failed, reason: Unity was launched with the -noUpm command-line argument
[Package Manager] UpmClient::Send -- Unable to send message (not connected to UPM process).
[Package Manager] Cannot connect to Unity Package Manager local server
[Package Manager] Server::EnsureServerProcessIsRunning -- launch failed, reason: Unity was launched with the -noUpm command-line argument
[Package Manager] UpmClient::Send -- Unable to send message (not connected to UPM process).
[Package Manager] Cannot connect to Unity Package Manager local server
[MODES] ModeService[none].Initialize
[MODES] ModeService[none].LoadModes
[MODES] Loading mode Default (0) for mode-current-id-Ubiq
[XR] OculusXRPlugin: registering subsystems
[XR] Unable to register display lifecyle provider: [1]
[XR] Oculus Input lifecycle provider registered.
[XR] Unable to register input lifecyle provider: [1]
[XR] OVRP version 1.89.0
Mono: successfully reloaded assembly
[Package Manager] Server::EnsureServerProcessIsRunning -- launch failed, reason: Unity was launched with the -noUpm command-line argument
[Package Manager] UpmClient::Send -- Unable to send message (not connected to UPM process).
[Package Manager] Cannot connect to Unity Package Manager local server
[Package Manager] Server::EnsureServerProcessIsRunning -- launch failed, reason: Unity was launched with the -noUpm command-line argument
[Package Manager] UpmClient::Send -- Unable to send message (not connected to UPM process).
[Package Manager] Cannot connect to Unity Package Manager local server
- Finished resetting the current domain, in  2.102 seconds
Domain Reload Profiling: 3773ms
	BeginReloadAssembly (234ms)
		ExecutionOrderSort (0ms)
		DisableScriptedObjects (6ms)
		BackupInstance (0ms)
		ReleaseScriptingObjects (0ms)
		CreateAndSetChildDomain (31ms)
	RebuildCommonClasses (41ms)
	RebuildNativeTypeToScriptingClass (13ms)
	initialDomainReloadingComplete (57ms)
	LoadAllAssembliesAndSetupDomain (1326ms)
		LoadAssemblies (928ms)
		RebuildTransferFunctionScriptingTraits (0ms)
		AnalyzeDomain (553ms)
			TypeCache.Refresh (439ms)
				TypeCache.ScanAssembly (397ms)
			ScanForSourceGeneratedMonoScriptInfo (77ms)
			ResolveRequiredComponents (34ms)
	FinalizeReload (2102ms)
		ReleaseScriptCaches (0ms)
		RebuildScriptCaches (0ms)
		SetupLoadedEditorAssemblies (1737ms)
			LogAssemblyErrors (0ms)
			InitializePlatformSupportModulesInManaged (29ms)
			SetLoadedEditorAssemblies (8ms)
			RefreshPlugins (0ms)
			BeforeProcessingInitializeOnLoad (176ms)
			ProcessInitializeOnLoadAttributes (1256ms)
			ProcessInitializeOnLoadMethodAttributes (266ms)
			AfterProcessingInitializeOnLoad (3ms)
			EditorAssembliesLoaded (0ms)
		ExecutionOrderSort2 (0ms)
		AwakeInstancesAfterBackupRestoration (12ms)
Shader 'Oculus/OVRMRCameraFrameLit': fallback shader 'Alpha-Diffuse' not found
Launched and connected shader compiler UnityShaderCompiler.exe after 0.07 seconds
Refreshing native plugins compatible for Editor in 113.84 ms, found 12 plugins.
Preloading 3 native plugins for Editor in 0.17 ms.
Unloading 10252 Unused Serialized files (Serialized files now loaded: 0)
Unloading 188 unused Assets / (0.5 MB). Loaded Objects now: 10636.
Memory consumption went from 426.9 MB to 426.4 MB.
Total: 30.109200 ms (FindLiveObjects: 3.495500 ms CreateObjectMapping: 3.264700 ms MarkObjects: 18.269400 ms  DeleteObjects: 5.077500 ms)

AssetImportParameters requested are different than current active one (requested -> active):
  custom:container-demuxer-ogg: 62fdf1f143b41e24485cea50d1cbac27 -> 
  custom:framework-win-MediaFoundation: 216162199b28c13a410421893ffa2e32 -> 
  custom:container-muxer-webm: aa71ff27fc2769a1b78a27578f13a17b -> 
  custom:video-decoder-webm-vp8: 9c59270c3fd7afecdb556c50c9e8de78 -> 
  custom:SearchIndexIgnoredProperties: e643bd26f0fe6173181afceb89e7c659 -> 
  custom:AudioImporter_EditorPlatform: d09bf68614088b80899f8185d706f6e7 -> 
  custom:audio-decoder-ogg-vorbis: bf7c407c2cedff20999df2af8eb42d56 -> 
  custom:audio-encoder-webm-vorbis: bf7c407c2cedff20999df2af8eb42d56 -> 
  custom:video-codec-MediaFoundation-h265: 746d11721c4dcdbdad8f713fa42b33f4 -> 
  custom:video-decoder-ogg-theora: a1e56fd34408186e4bbccfd4996cb3dc -> 
  custom:CustomObjectIndexerAttribute: 62b5816608c3102f162a1797e29626cf -> 
  custom:container-demuxer-webm: 4f35f7cbe854078d1ac9338744f61a02 -> 
  custom:video-encoder-webm-vp8: eb34c28f22e8b96e1ab97ce403110664 -> 
========================================================================
Received Import Request.
  Time since last request: 647233.985202 seconds.
  path: Assets/UMA/Examples/DynamicCharacterSystem Examples/Assets/GUI/Prefabs/AssetBundleLoadingIndicator.prefab
  artifactKey: Guid(e4c9215b3e1d0b841900ba25c3907b6b) Importer(815301076,1909f56bfc062723c751e8b465ee728b)
Start importing Assets/UMA/Examples/DynamicCharacterSystem Examples/Assets/GUI/Prefabs/AssetBundleLoadingIndicator.prefab using Guid(e4c9215b3e1d0b841900ba25c3907b6b) Importer(815301076,1909f56bfc062723c751e8b465ee728b)  -> (artifact id: 'cb46ed041bc2c5e6ec8b1d7423e3e5ef') in 0.138229 seconds
Number of updated asset objects reloaded before import = 0
Number of asset objects unloaded after import = 38
========================================================================
Received Import Request.
  Time since last request: 0.000088 seconds.
  path: Assets/Samples/XR Interaction Toolkit/2.5.3/Starter Assets/DemoSceneAssets/Sprites/Asset.png
  artifactKey: Guid(17d565bb4a7744b41b7e4dc7e3a09e35) Importer(815301076,1909f56bfc062723c751e8b465ee728b)
Start importing Assets/Samples/XR Interaction Toolkit/2.5.3/Starter Assets/DemoSceneAssets/Sprites/Asset.png using Guid(17d565bb4a7744b41b7e4dc7e3a09e35) Importer(815301076,1909f56bfc062723c751e8b465ee728b)  -> (artifact id: 'd271b63b42f6f460b6193c196db7c369') in 0.081019 seconds
Number of updated asset objects reloaded before import = 0
Number of asset objects unloaded after import = 3
========================================================================
Received Import Request.
  Time since last request: 148.903145 seconds.
  path: Assets/InputSystem.inputsettings.asset
  artifactKey: Guid(81d933e211169dd4ab4c93ca11eaf1a4) Importer(815301076,1909f56bfc062723c751e8b465ee728b)
Start importing Assets/InputSystem.inputsettings.asset using Guid(81d933e211169dd4ab4c93ca11eaf1a4) Importer(815301076,1909f56bfc062723c751e8b465ee728b)  -> (artifact id: 'a7780e83611909b43e47c14f083bfa17') in 0.011370 seconds
Number of updated asset objects reloaded before import = 0
Number of asset objects unloaded after import = 0
========================================================================
Received Import Request.
  Time since last request: 0.000024 seconds.
  path: Assets/SM_Wire_01b_Splines_3.fbx
  artifactKey: Guid(abc00000000002789869781972704345) Importer(815301076,1909f56bfc062723c751e8b465ee728b)
Start importing Assets/SM_Wire_01b_Splines_3.fbx using Guid(abc00000000002789869781972704345) Importer(815301076,1909f56bfc062723c751e8b465ee728b)  -> (artifact id: '636b03834795648bba72570290bdbef8') in 0.763458 seconds
Number of updated asset objects reloaded before import = 0
Number of asset objects unloaded after import = 13
========================================================================
Received Import Request.
  Time since last request: 0.000019 seconds.
  path: Assets/SM_Wire_01b_Splines_1.fbx
  artifactKey: Guid(abc00000000013223616173754094691) Importer(815301076,1909f56bfc062723c751e8b465ee728b)
Start importing Assets/SM_Wire_01b_Splines_1.fbx using Guid(abc00000000013223616173754094691) Importer(815301076,1909f56bfc062723c751e8b465ee728b)  -> (artifact id: 'f1e8fb2014fb9c436929fa31be885956') in 0.027739 seconds
Number of updated asset objects reloaded before import = 0
Number of asset objects unloaded after import = 13
========================================================================
Received Import Request.
  Time since last request: 0.000026 seconds.
  path: Assets/SM_Wire_01b_Splines_2.fbx
  artifactKey: Guid(abc00000000009923110847200066774) Importer(815301076,1909f56bfc062723c751e8b465ee728b)
Start importing Assets/SM_Wire_01b_Splines_2.fbx using Guid(abc00000000009923110847200066774) Importer(815301076,1909f56bfc062723c751e8b465ee728b)  -> (artifact id: '589d089b76cba6f94f0a29b060c0b8bf') in 0.015640 seconds
Number of updated asset objects reloaded before import = 0
Number of asset objects unloaded after import = 13
========================================================================
Received Import Request.
  Time since last request: 0.600684 seconds.
  path: Assets/Samples/Ubiq/1.0.0-pre.3/Demo (XRI)/DemoAssets/Demo - Loopback (Navmesh).asset
  artifactKey: Guid(d2f5087694652b840b1f56d3b3a49dd4) Importer(815301076,1909f56bfc062723c751e8b465ee728b)
Start importing Assets/Samples/Ubiq/1.0.0-pre.3/Demo (XRI)/DemoAssets/Demo - Loopback (Navmesh).asset using Guid(d2f5087694652b840b1f56d3b3a49dd4) Importer(815301076,1909f56bfc062723c751e8b465ee728b)  -> (artifact id: '225a7ba4bbe450d4d7d15ef915703543') in 0.003384 seconds
Number of updated asset objects reloaded before import = 0
Number of asset objects unloaded after import = 1
========================================================================
Received Import Request.
  Time since last request: 0.000027 seconds.
  path: Assets/Samples/Ubiq/1.0.0-pre.3/Demo (XRI)/DemoAssets/Prefabs/Prefab Catalogue (Demo).asset
  artifactKey: Guid(9eb1cd4f3b4ad2448880b589674560a5) Importer(815301076,1909f56bfc062723c751e8b465ee728b)
Start importing Assets/Samples/Ubiq/1.0.0-pre.3/Demo (XRI)/DemoAssets/Prefabs/Prefab Catalogue (Demo).asset using Guid(9eb1cd4f3b4ad2448880b589674560a5) Importer(815301076,1909f56bfc062723c751e8b465ee728b)  -> (artifact id: '9467b6f3fc9ce919b63a11b746c87f7d') in 0.031219 seconds
Number of updated asset objects reloaded before import = 0
Number of asset objects unloaded after import = 25
========================================================================
Received Import Request.
  Time since last request: 0.000025 seconds.
  path: Assets/Samples/Ubiq/1.0.0-pre.3/Demo (XRI)/DemoAssets/Scripts/Ubiq.Samples.Demo.asmdef
  artifactKey: Guid(7f6aa58903eb2af4b8b0fc1351d0bc5b) Importer(815301076,1909f56bfc062723c751e8b465ee728b)
Start importing Assets/Samples/Ubiq/1.0.0-pre.3/Demo (XRI)/DemoAssets/Scripts/Ubiq.Samples.Demo.asmdef using Guid(7f6aa58903eb2af4b8b0fc1351d0bc5b) Importer(815301076,1909f56bfc062723c751e8b465ee728b)  -> (artifact id: 'e07f27540064f2b10f42b34db30ccb5d') in 0.000584 seconds
Number of updated asset objects reloaded before import = 0
Number of asset objects unloaded after import = 0
========================================================================
Received Import Request.
  Time since last request: 0.000020 seconds.
  path: Assets/Samples/Ubiq/1.0.0-pre.3/Demo (XRI)/DemoAssets/Prefabs/Network Scene (Demo).prefab
  artifactKey: Guid(46c1f5d5a11cf5042886aabd56e7b9d7) Importer(815301076,1909f56bfc062723c751e8b465ee728b)
Start importing Assets/Samples/Ubiq/1.0.0-pre.3/Demo (XRI)/DemoAssets/Prefabs/Network Scene (Demo).prefab using Guid(46c1f5d5a11cf5042886aabd56e7b9d7) Importer(815301076,1909f56bfc062723c751e8b465ee728b)  -> (artifact id: '50757e1938da7610cd797f3b1444e3e9') in 1.085550 seconds
Number of updated asset objects reloaded before import = 0
Number of asset objects unloaded after import = 2699
Editor requested this worker to shutdown with reason: Scaling down because of idle timeout
TcpMessagingSession - receive error: operation aborted. errorcode: 995, details: 由于线程退出或应用程序请求，已中止 I/O 操作。
AssetImportWorker is now disconnected from the server
Process exiting
Exiting without the bug reporter. Application will terminate with return code 0